<?xml version="1.0" encoding="UTF-8"?>
<!-- Generated by org.testng.reporters.JUnitXMLReporter -->
<testsuite hostname="DESKTOP-95VGTPM" name="Test" tests="4" failures="0" timestamp="15 Sep 2019 06:54:48 GMT" time="0.075" errors="0">
  <testcase name="BrowserAUtomation" time="0.021" classname="TestCases.SeleniumTest"/>
  <testcase name="elementsUi" time="0.003" classname="TestCases.SeleniumTest"/>
  <testcase name="deleteTwitter" time="0.002" classname="TestCases.RESTAPITest"/>
  <testcase name="postJira" time="0.003" classname="TestCases.RESTAPITest"/>
</testsuite> <!-- Test -->
