<?xml version="1.0" encoding="UTF-8"?>
<!-- Generated by org.testng.reporters.JUnitXMLReporter -->
<testsuite hostname="DESKTOP-95VGTPM" ignored="0" name="Command line test" tests="6" failures="0" timestamp="2019-10-20T01:46:52 BDT" time="0.087" errors="0">
  <testcase name="IOSApps" time="0.012" classname="TestCases.AppiumTest"/>
  <testcase name="NativeAPpAndroid" time="0.0" classname="TestCases.AppiumTest"/>
  <testcase name="deleteTwitter" time="0.001" classname="TestCases.RESTAPITest"/>
  <testcase name="postJira" time="0.001" classname="TestCases.RESTAPITest"/>
  <testcase name="BrowserAUtomation" time="0.001" classname="TestCases.SeleniumTest"/>
  <testcase name="elementsUi" time="0.0" classname="TestCases.SeleniumTest"/>
</testsuite> <!-- Command line test -->
